{"numFailedTestSuites":1,"numFailedTests":0,"numPassedTestSuites":0,"numPassedTests":0,"numPendingTestSuites":0,"numPendingTests":0,"numRuntimeErrorTestSuites":1,"numTotalTestSuites":1,"numTotalTests":0,"openHandles":[],"snapshot":{"added":0,"didUpdate":false,"failure":false,"filesAdded":0,"filesRemoved":0,"filesUnmatched":0,"filesUpdated":0,"matched":0,"total":0,"unchecked":0,"uncheckedKeysByFile":[],"unmatched":0,"updated":0},"startTime":1541943668767,"success":false,"testResults":[{"console":null,"displayName":"","failureMessage":"  ● Test suite failed to run\n\n    ReferenceError: library is not defined\n\n       8 |     }\n       9 | \n    > 10 |     return { ex, myList, library }\n         |                          ^\n      11 | }\n      12 | \n      13 | //feel free to ignore this:\n\n      at library (ex-4.js:10:26)\n      at Object.Exercise4 (ex-4.js:14:9)\n      at Object.<anonymous> (.guides/.test/ex-4.test.js:1:1)\n","leaks":false,"numFailingTests":0,"numPassingTests":0,"numPendingTests":0,"openHandles":[],"perfStats":{"end":0,"start":0},"skipped":false,"snapshot":{"added":0,"fileDeleted":false,"matched":0,"unchecked":0,"uncheckedKeys":[],"unmatched":0,"updated":0},"sourceMaps":{},"testExecError":{},"testFilePath":"/home/codio/workspace/.guides/.test/ex-4.test.js","testResults":[]}],"wasInterrupted":false}