{"numFailedTestSuites":1,"numFailedTests":1,"numPassedTestSuites":0,"numPassedTests":0,"numPendingTestSuites":0,"numPendingTests":0,"numRuntimeErrorTestSuites":0,"numTotalTestSuites":1,"numTotalTests":1,"openHandles":[],"snapshot":{"added":0,"didUpdate":false,"failure":false,"filesAdded":0,"filesRemoved":0,"filesUnmatched":0,"filesUpdated":0,"matched":0,"total":0,"unchecked":0,"uncheckedKeysByFile":[],"unmatched":0,"updated":0},"startTime":1542744094153,"success":false,"testResults":[{"console":null,"failureMessage":"  ● Should print the userID at the index of `userPosition`, using the variable itself\n\n    expect(received).toBe(expected) // Object.is equality\n\n    Expected: \"user_732999218401\"\n    Received: \"\"\n\n       9 |     let userIDs = [\"user_19921231111\", \"user_0119381334178887\", \"user_01193842221237\", \"user_732999218401\", \"user_872341\"]\n      10 |     ex(3)\n    > 11 |     expect(outputData.trim()).toBe(userIDs[3])\n         |                               ^\n      12 |     outputData = \"\"\n      13 |     ex(1)\n      14 |     expect(outputData.trim()).toBe(userIDs[1])\n\n      at Object.toBe (.guides/.test/ex-1.test.js:11:31)\n","numFailingTests":1,"numPassingTests":0,"numPendingTests":0,"perfStats":{"end":1542744095645,"start":1542744094947},"snapshot":{"added":0,"fileDeleted":false,"matched":0,"unchecked":0,"unmatched":0,"updated":0,"uncheckedKeys":[]},"testFilePath":"/home/codio/workspace/.guides/.test/ex-1.test.js","testResults":[{"ancestorTitles":[],"duration":14,"failureMessages":["Error: expect(received).toBe(expected) // Object.is equality\n\nExpected: \"user_732999218401\"\nReceived: \"\"\n    at Object.toBe (/home/codio/workspace/.guides/.test/ex-1.test.js:11:31)\n    at Object.asyncJestTest (/home/codio/workspace/node_modules/jest-jasmine2/build/jasmine_async.js:108:37)\n    at resolve (/home/codio/workspace/node_modules/jest-jasmine2/build/queue_runner.js:56:12)\n    at new Promise (<anonymous>)\n    at mapper (/home/codio/workspace/node_modules/jest-jasmine2/build/queue_runner.js:43:19)\n    at promise.then (/home/codio/workspace/node_modules/jest-jasmine2/build/queue_runner.js:87:41)\n    at <anonymous>\n    at process._tickCallback (internal/process/next_tick.js:188:7)"],"fullName":"Should print the userID at the index of `userPosition`, using the variable itself","location":null,"numPassingAsserts":0,"status":"failed","title":"Should print the userID at the index of `userPosition`, using the variable itself"}],"sourceMaps":{},"skipped":false,"leaks":false}],"wasInterrupted":false}