{"numFailedTestSuites":0,"numFailedTests":0,"numPassedTestSuites":1,"numPassedTests":1,"numPendingTestSuites":0,"numPendingTests":0,"numRuntimeErrorTestSuites":0,"numTotalTestSuites":1,"numTotalTests":1,"openHandles":[],"snapshot":{"added":0,"didUpdate":false,"failure":false,"filesAdded":0,"filesRemoved":0,"filesUnmatched":0,"filesUpdated":0,"matched":0,"total":0,"unchecked":0,"uncheckedKeysByFile":[],"unmatched":0,"updated":0},"startTime":1542885131160,"success":true,"testResults":[{"console":null,"failureMessage":null,"numFailingTests":0,"numPassingTests":1,"numPendingTests":0,"perfStats":{"end":1542885132279,"start":1542885131742},"snapshot":{"added":0,"fileDeleted":false,"matched":0,"unchecked":0,"unmatched":0,"updated":0,"uncheckedKeys":[]},"testFilePath":"/Users/tal/Documents/Projects/arrays/.guides/.test/ex-1.test.js","testResults":[{"ancestorTitles":[],"duration":14,"failureMessages":[],"fullName":"Should print the userID at the index of `userPosition`, using the variable itself","location":null,"numPassingAsserts":0,"status":"passed","title":"Should print the userID at the index of `userPosition`, using the variable itself"}],"sourceMaps":{},"skipped":false,"leaks":false}],"wasInterrupted":false}