{"numFailedTestSuites":0,"numFailedTests":0,"numPassedTestSuites":1,"numPassedTests":4,"numPendingTestSuites":0,"numPendingTests":0,"numRuntimeErrorTestSuites":0,"numTotalTestSuites":1,"numTotalTests":4,"openHandles":[],"snapshot":{"added":0,"didUpdate":false,"failure":false,"filesAdded":0,"filesRemoved":0,"filesUnmatched":0,"filesUpdated":0,"matched":0,"total":0,"unchecked":0,"uncheckedKeysByFile":[],"unmatched":0,"updated":0},"startTime":1540468915649,"success":true,"testResults":[{"console":null,"failureMessage":null,"numFailingTests":0,"numPassingTests":4,"numPendingTests":0,"perfStats":{"end":1540468917390,"start":1540468916424},"snapshot":{"added":0,"fileDeleted":false,"matched":0,"unchecked":0,"unmatched":0,"updated":0,"uncheckedKeys":[]},"testFilePath":"C:\\Users\\Jona\\Documents\\Elevation\\Self-Paced\\Basics\\arrays-and-objects\\.guides\\.test\\ex-1.test.js","testResults":[{"ancestorTitles":[],"duration":20,"failureMessages":[],"fullName":"`p1` and `p2` should be objects with the properties: `name` - a string, `age` - a number, and `city` - a string.","location":null,"numPassingAsserts":0,"status":"passed","title":"`p1` and `p2` should be objects with the properties: `name` - a string, `age` - a number, and `city` - a string."},{"ancestorTitles":[],"duration":3,"failureMessages":[],"fullName":"Matching age and city should print '... wanted to date ...'","location":null,"numPassingAsserts":0,"status":"passed","title":"Matching age and city should print '... wanted to date ...'"},{"ancestorTitles":[],"duration":2,"failureMessages":[],"fullName":"Matching age but not city should print '... wanted to date ..., but couldn't'","location":null,"numPassingAsserts":0,"status":"passed","title":"Matching age but not city should print '... wanted to date ..., but couldn't'"},{"ancestorTitles":[],"duration":1,"failureMessages":[],"fullName":"No match on age should print nothing","location":null,"numPassingAsserts":0,"status":"passed","title":"No match on age should print nothing"}],"sourceMaps":{},"skipped":false,"leaks":false}],"wasInterrupted":false}