{"numFailedTestSuites":0,"numFailedTests":0,"numPassedTestSuites":3,"numPassedTests":3,"numPendingTestSuites":0,"numPendingTests":0,"numRuntimeErrorTestSuites":0,"numTotalTestSuites":3,"numTotalTests":3,"openHandles":[],"snapshot":{"added":0,"didUpdate":false,"failure":false,"filesAdded":0,"filesRemoved":0,"filesUnmatched":0,"filesUpdated":0,"matched":0,"total":0,"unchecked":0,"uncheckedKeysByFile":[],"unmatched":0,"updated":0},"startTime":1542742949131,"success":true,"testResults":[{"console":null,"failureMessage":null,"numFailingTests":0,"numPassingTests":1,"numPendingTests":0,"perfStats":{"end":1542742951367,"start":1542742950614},"snapshot":{"added":0,"fileDeleted":false,"matched":0,"unchecked":0,"unmatched":0,"updated":0,"uncheckedKeys":[]},"testFilePath":"C:\\Users\\Jona\\Documents\\Elevation\\Self-Paced\\Basics\\arrays\\.guides\\.test\\ex-3.test.js","testResults":[{"ancestorTitles":[],"duration":14,"failureMessages":[],"fullName":"Should create an empty array, add `Katlin` and `Kotlin` using *one* push, then remove the second item, then print the array","location":null,"numPassingAsserts":0,"status":"passed","title":"Should create an empty array, add `Katlin` and `Kotlin` using *one* push, then remove the second item, then print the array"}],"sourceMaps":{},"skipped":false,"leaks":false},{"console":null,"failureMessage":null,"numFailingTests":0,"numPassingTests":1,"numPendingTests":0,"perfStats":{"end":1542742951368,"start":1542742950608},"snapshot":{"added":0,"fileDeleted":false,"matched":0,"unchecked":0,"unmatched":0,"updated":0,"uncheckedKeys":[]},"testFilePath":"C:\\Users\\Jona\\Documents\\Elevation\\Self-Paced\\Basics\\arrays\\.guides\\.test\\ex-1.test.js","testResults":[{"ancestorTitles":[],"duration":9,"failureMessages":[],"fullName":"Should print the userID at the index of `userPosition`, using the variable itself","location":null,"numPassingAsserts":0,"status":"passed","title":"Should print the userID at the index of `userPosition`, using the variable itself"}],"sourceMaps":{},"skipped":false,"leaks":false},{"console":null,"failureMessage":null,"numFailingTests":0,"numPassingTests":1,"numPendingTests":0,"perfStats":{"end":1542742951379,"start":1542742950613},"snapshot":{"added":0,"fileDeleted":false,"matched":0,"unchecked":0,"unmatched":0,"updated":0,"uncheckedKeys":[]},"testFilePath":"C:\\Users\\Jona\\Documents\\Elevation\\Self-Paced\\Basics\\arrays\\.guides\\.test\\ex-2.test.js","testResults":[{"ancestorTitles":[],"duration":27,"failureMessages":[],"fullName":"Should add 'Emperor' to end of `leaders` and `Lord` to beginning","location":null,"numPassingAsserts":0,"status":"passed","title":"Should add 'Emperor' to end of `leaders` and `Lord` to beginning"}],"sourceMaps":{},"skipped":false,"leaks":false}],"wasInterrupted":false}